<?xml version="1.0" encoding="utf-8"?><testsuites name="pytest tests"><testsuite name="pytest" errors="0" failures="0" skipped="1" tests="19" time="9.057" timestamp="2026-04-27T04:44:49.767025+00:00" hostname="agent-env-1bf4461f-2cc4-4061-a467-1e8f33284d31"><testcase classname="tests.test_iteration2.TestEmailOTP" name="test_email_request_otp_returns_sent_or_dev_code" time="1.147" /><testcase classname="tests.test_iteration2.TestEmailOTP" name="test_email_verify_invalid_code_400" time="1.108" /><testcase classname="tests.test_iteration2.TestEmailOTP" name="test_email_signup_full_flow_via_dev_code" time="1.018"><skipped type="pytest.skip" message="Email actually sent; raw code unknown, cannot complete verify.">/app/backend/tests/test_iteration2.py:48: Email actually sent; raw code unknown, cannot complete verify.</skipped></testcase><testcase classname="tests.test_iteration2.TestSmsOTP" name="test_sms_request_invalid_format_400" time="0.049" /><testcase classname="tests.test_iteration2.TestSmsOTP" name="test_sms_verify_invalid_code_returns_400" time="0.320" /><testcase classname="tests.test_iteration2.TestTeamInvites" name="test_create_invite_admin" time="1.207" /><testcase classname="tests.test_iteration2.TestTeamInvites" name="test_list_invites" time="0.049" /><testcase classname="tests.test_iteration2.TestTeamInvites" name="test_list_members" time="0.045" /><testcase classname="tests.test_iteration2.TestTeamInvites" name="test_accept_invite_creates_user" time="0.276" /><testcase classname="tests.test_iteration2.TestTeamInvites" name="test_accept_invite_invalid_token" time="0.048" /><testcase classname="tests.test_iteration2.TestTeamInvites" name="test_invite_non_admin_403" time="0.414" /><testcase classname="tests.test_iteration2.TestMemberManagement" name="test_admin_cannot_demote_self" time="0.091" /><testcase classname="tests.test_iteration2.TestMemberManagement" name="test_admin_cannot_remove_self" time="0.093" /><testcase classname="tests.test_iteration2.TestMemberManagement" name="test_patch_member_role" time="0.094" /><testcase classname="tests.test_iteration2.TestCampaignResume" name="test_resume_paused_campaign" time="1.268" /><testcase classname="tests.test_iteration2.TestCampaignResume" name="test_resume_running_returns_400" time="0.222" /><testcase classname="tests.test_iteration2.TestWebSocket" name="test_ws_rejects_without_token" time="0.153" /><testcase classname="tests.test_iteration2.TestWebSocket" name="test_ws_accepts_with_valid_token" time="0.179" /><testcase classname="tests.test_iteration2.TestWebSocket" name="test_ws_broadcast_on_simulate_inbound" time="1.231" /></testsuite></testsuites>