<?xml version="1.0" encoding="utf-8"?><testsuites name="pytest tests"><testsuite name="pytest" errors="0" failures="0" skipped="0" tests="17" time="2.906" timestamp="2026-04-28T12:56:07.761716+00:00" hostname="agent-env-1bf4461f-2cc4-4061-a467-1e8f33284d31"><testcase classname="tests.test_iteration7_whatsapp_send.TestMetaCloudCredentials" name="test_meta_invalid_token_rejected_with_clear_message" time="0.667" /><testcase classname="tests.test_iteration7_whatsapp_send.TestMetaCloudCredentials" name="test_meta_missing_fields_rejected" time="0.063" /><testcase classname="tests.test_iteration7_whatsapp_send.TestMetaCloudCredentials" name="test_unsupported_provider_rejected" time="0.048" /><testcase classname="tests.test_iteration7_whatsapp_send.TestSandboxInfo" name="test_sandbox_info" time="0.047" /><testcase classname="tests.test_iteration7_whatsapp_send.TestSandboxInfo" name="test_sandbox_info_requires_auth" time="0.052" /><testcase classname="tests.test_iteration7_whatsapp_send.TestTestSend" name="test_test_send_malformed_phone" time="0.094" /><testcase classname="tests.test_iteration7_whatsapp_send.TestTestSend" name="test_test_send_missing_fields" time="0.046" /><testcase classname="tests.test_iteration7_whatsapp_send.TestTestSend" name="test_test_send_persists_message" time="0.371" /><testcase classname="tests.test_iteration7_whatsapp_send.TestMetaWebhookVerify" name="test_meta_verify_correct_token" time="0.048" /><testcase classname="tests.test_iteration7_whatsapp_send.TestMetaWebhookVerify" name="test_meta_verify_wrong_token" time="0.052" /><testcase classname="tests.test_iteration7_whatsapp_send.TestMetaWebhookInbound" name="test_meta_inbound_message_creates_conversation" time="0.686" /><testcase classname="tests.test_iteration7_whatsapp_send.TestMetaWebhookInbound" name="test_meta_status_updates_message" time="0.052" /><testcase classname="tests.test_iteration7_whatsapp_send.TestRegression" name="test_languages" time="0.046" /><testcase classname="tests.test_iteration7_whatsapp_send.TestRegression" name="test_marketplace_templates" time="0.046" /><testcase classname="tests.test_iteration7_whatsapp_send.TestRegression" name="test_dashboard_delivery" time="0.052" /><testcase classname="tests.test_iteration7_whatsapp_send.TestRegression" name="test_credentials_list" time="0.047" /><testcase classname="tests.test_iteration7_whatsapp_send.TestRegression" name="test_simulate_inbound" time="0.444" /></testsuite></testsuites>