<?xml version="1.0" encoding="utf-8"?><testsuites name="pytest tests"><testsuite name="pytest" errors="0" failures="0" skipped="0" tests="11" time="1.711" timestamp="2026-05-01T02:53:02.780318+00:00" hostname="agent-env-1bf4461f-2cc4-4061-a467-1e8f33284d31"><testcase classname="backend.tests.test_iteration14_branding.TestBrandingCRUD" name="test_get_branding_default" time="0.437" /><testcase classname="backend.tests.test_iteration14_branding.TestBrandingCRUD" name="test_patch_branding_persists" time="0.111" /><testcase classname="backend.tests.test_iteration14_branding.TestBrandingCRUD" name="test_patch_rejects_bad_hex" time="0.053" /><testcase classname="backend.tests.test_iteration14_branding.TestBrandingCRUD" name="test_patch_empty_body_400" time="0.056" /><testcase classname="backend.tests.test_iteration14_branding.TestDomains" name="test_add_invalid_hostname_400" time="0.057" /><testcase classname="backend.tests.test_iteration14_branding.TestPublicLookup" name="test_public_lookup_no_auth_unknown_host" time="0.112" /><testcase classname="backend.tests.test_iteration14_branding.TestPublicLookup" name="test_public_lookup_strips_port_and_protocol" time="0.136" /><testcase classname="backend.tests.test_iteration14_branding.TestSuperAdmin" name="test_tenant_admin_forbidden" time="0.053" /><testcase classname="backend.tests.test_iteration14_branding.TestSuperAdmin" name="test_superadmin_can_list" time="0.385" /><testcase classname="backend.tests.test_iteration14_branding.TestSuperAdmin" name="test_superadmin_revoke_flow" time="0.226" /><testcase classname="backend.tests.test_iteration14_branding.TestSuperAdmin" name="test_tenant_cannot_revoke" time="0.065" /></testsuite></testsuites>