<?xml version="1.0" encoding="utf-8"?><testsuites name="pytest tests"><testsuite name="pytest" errors="0" failures="2" skipped="0" tests="21" time="30.107" timestamp="2026-05-01T06:26:10.458119+00:00" hostname="agent-env-1bf4461f-2cc4-4061-a467-1e8f33284d31"><testcase classname="backend.tests.test_iteration15_security.TestAuthAndRoles" name="test_fresh_register_assigns_owner_role" time="1.416" /><testcase classname="backend.tests.test_iteration15_security.TestAuthAndRoles" name="test_legacy_demo_login_is_admin" time="0.341" /><testcase classname="backend.tests.test_iteration15_security.TestAuthAndRoles" name="test_login_without_mfa_returns_normal_token" time="1.512" /><testcase classname="backend.tests.test_iteration15_security.TestAuthAndRoles" name="test_deactivated_user_cannot_login" time="3.524" /><testcase classname="backend.tests.test_iteration15_security.TestMFA" name="test_enroll_returns_qr_and_secret" time="1.537" /><testcase classname="backend.tests.test_iteration15_security.TestMFA" name="test_verify_enroll_invalid_code_400" time="0.105" /><testcase classname="backend.tests.test_iteration15_security.TestMFA" name="test_verify_enroll_valid_code_returns_backup_codes" time="0.118" /><testcase classname="backend.tests.test_iteration15_security.TestMFA" name="test_login_returns_mfa_required" time="0.326" /><testcase classname="backend.tests.test_iteration15_security.TestMFA" name="test_challenge_invalid_code_400" time="0.114" /><testcase classname="backend.tests.test_iteration15_security.TestMFA" name="test_challenge_valid_totp_returns_token" time="0.535" /><testcase classname="backend.tests.test_iteration15_security.TestMFA" name="test_backup_code_one_time_use" time="0.434"><failure message="AssertionError: {&quot;detail&quot;:[{&quot;type&quot;:&quot;string_too_long&quot;,&quot;loc&quot;:[&quot;body&quot;,&quot;code&quot;],&quot;msg&quot;:&quot;String should have at most 8 characters&quot;,&quot;input&quot;:&quot;1111-0399&quot;,&quot;ctx&quot;:{&quot;max_length&quot;:8},&quot;url&quot;:&quot;https://errors.pydantic.dev/2.12/v/string_too_long&quot;}]}&#10;assert 422 == 200&#10; +  where 422 = &lt;Response [422]&gt;.status_code">E   AssertionError: {"detail":[{"type":"string_too_long","loc":["body","code"],"msg":"String should have at most 8 characters","input":"1111-0399","ctx":{"max_length":8},"url":"https://errors.pydantic.dev/2.12/v/string_too_long"}]}
    assert 422 == 200
     +  where 422 = &lt;Response [422]&gt;.status_code</failure></testcase><testcase classname="backend.tests.test_iteration15_security.TestMFA" name="test_status_endpoint" time="0.120" /><testcase classname="backend.tests.test_iteration15_security.TestMFA" name="test_disable_wrong_password" time="0.329" /><testcase classname="backend.tests.test_iteration15_security.TestMFA" name="test_disable_wrong_code" time="0.336" /><testcase classname="backend.tests.test_iteration15_security.TestMFA" name="test_disable_success" time="0.328" /><testcase classname="backend.tests.test_iteration15_security.TestAuditMiddleware" name="test_post_writes_audit_log_get_does_not" time="1.899" /><testcase classname="backend.tests.test_iteration15_security.TestAuditMiddleware" name="test_skip_paths_not_logged" time="2.450" /><testcase classname="backend.tests.test_iteration15_security.TestSecurityViewers" name="test_inactive_users_owner_ok" time="1.515" /><testcase classname="backend.tests.test_iteration15_security.TestSecurityViewers" name="test_audit_logs_viewer_role_403" time="3.300" /><testcase classname="backend.tests.test_iteration15_security.TestTeamRBAC" name="test_invite_admin_ok_owner_rejected" time="5.288"><failure message="AssertionError: invalid role expected 400 got 200: {&quot;id&quot;:&quot;c75f30b8-f5a7-4831-9dbb-b93f228f4fd8&quot;,&quot;email&quot;:&quot;test_i_525c70@x.com&quot;,&quot;role&quot;:&quot;viewer&quot;,&quot;token&quot;:&quot;_GKTs7TvDNec61byqn8kXGERyvCkMio6qjBgOUsZYYg&quot;,&quot;expires_at&quot;:&quot;2026-05-08T06:26:34.846483+00:00&quot;}&#10;assert 200 == 400&#10; +  where 200 = &lt;Response [200]&gt;.status_code">E   AssertionError: invalid role expected 400 got 200: {"id":"c75f30b8-f5a7-4831-9dbb-b93f228f4fd8","email":"test_i_525c70@x.com","role":"viewer","token":"_GKTs7TvDNec61byqn8kXGERyvCkMio6qjBgOUsZYYg","expires_at":"2026-05-08T06:26:34.846483+00:00"}
    assert 200 == 400
     +  where 200 = &lt;Response [200]&gt;.status_code</failure></testcase><testcase classname="backend.tests.test_iteration15_security.TestTeamRBAC" name="test_role_change_owner_only_and_last_owner_protected" time="4.523" /></testsuite></testsuites>