<?xml version="1.0" encoding="utf-8"?><testsuites name="pytest tests"><testsuite name="pytest" errors="0" failures="0" skipped="0" tests="8" time="5.679" timestamp="2026-05-01T02:31:46.790895+00:00" hostname="agent-env-1bf4461f-2cc4-4061-a467-1e8f33284d31"><testcase classname="backend.tests.test_iteration13_features.TestCatalog" name="test_create_list_update_delete" time="2.010" /><testcase classname="backend.tests.test_iteration13_features.TestAIAssist" name="test_spam_score_spammy" time="0.610" /><testcase classname="backend.tests.test_iteration13_features.TestAIAssist" name="test_spam_score_neutral" time="0.467" /><testcase classname="backend.tests.test_iteration13_features.TestAIAssist" name="test_optimal_send_time" time="0.153" /><testcase classname="backend.tests.test_iteration13_features.TestAIAssist" name="test_reply_coach" time="0.568" /><testcase classname="backend.tests.test_iteration13_features.TestSandbox" name="test_enable_status_disable" time="0.658" /><testcase classname="backend.tests.test_iteration13_features.TestBilling" name="test_plans" time="0.156" /><testcase classname="backend.tests.test_iteration13_features.TestBilling" name="test_create_annual_order" time="1.018" /></testsuite></testsuites>