<?xml version="1.0" encoding="utf-8"?><testsuites name="pytest tests"><testsuite name="pytest" errors="0" failures="0" skipped="0" tests="18" time="10.827" timestamp="2026-04-27T16:08:59.617776+00:00" hostname="agent-env-1bf4461f-2cc4-4061-a467-1e8f33284d31"><testcase classname="tests.test_iteration4.TestEvalConditionHelper" name="test_numeric_gt" time="0.000" /><testcase classname="tests.test_iteration4.TestEvalConditionHelper" name="test_numeric_eq" time="0.000" /><testcase classname="tests.test_iteration4.TestEvalConditionHelper" name="test_numeric_neq" time="0.000" /><testcase classname="tests.test_iteration4.TestEvalConditionHelper" name="test_numeric_lt_lte_gte" time="0.000" /><testcase classname="tests.test_iteration4.TestEvalConditionHelper" name="test_string_contains" time="0.000" /><testcase classname="tests.test_iteration4.TestEvalConditionHelper" name="test_string_starts_with" time="0.000" /><testcase classname="tests.test_iteration4.TestEvalConditionHelper" name="test_string_ends_with" time="0.000" /><testcase classname="tests.test_iteration4.TestEvalConditionHelper" name="test_string_eq_neq" time="0.000" /><testcase classname="tests.test_iteration4.TestConditionNodeRouting" name="test_create_and_publish_condition_flow" time="0.652" /><testcase classname="tests.test_iteration4.TestConditionNodeRouting" name="test_false_branch_when_value_below_threshold" time="4.263" /><testcase classname="tests.test_iteration4.TestConditionNodeRouting" name="test_true_branch_when_value_above_threshold" time="3.551" /><testcase classname="tests.test_iteration4.TestFlowAnalytics" name="test_analytics_returns_totals_and_node_stats" time="0.051" /><testcase classname="tests.test_iteration4.TestFlowAnalytics" name="test_analytics_404_for_unknown_flow" time="0.050" /><testcase classname="tests.test_iteration4.TestFlowQR" name="test_qr_returns_url_and_image" time="0.087" /><testcase classname="tests.test_iteration4.TestFlowQR" name="test_qr_400_when_no_credential" time="0.100" /><testcase classname="tests.test_iteration4.TestFlowQR" name="test_qr_404_unknown_flow" time="0.053" /><testcase classname="tests.test_iteration4.TestNodeVisitsTracking" name="test_node_visits_incremented_on_each_step" time="1.904" /><testcase classname="tests.test_iteration4.TestFlowCleanup" name="test_delete_condition_flow" time="0.055" /></testsuite></testsuites>