<?xml version="1.0" encoding="utf-8"?><testsuites name="pytest tests"><testsuite name="pytest" errors="0" failures="0" skipped="0" tests="15" time="3.712" timestamp="2026-04-27T16:57:05.688247+00:00" hostname="agent-env-1bf4461f-2cc4-4061-a467-1e8f33284d31"><testcase classname="tests.test_iteration5_ai_scaffold.TestValidateAndNormalizeUnit" name="test_disallowed_node_type_coerced_to_send" time="0.000" /><testcase classname="tests.test_iteration5_ai_scaffold.TestValidateAndNormalizeUnit" name="test_missing_start_node_auto_prepended" time="0.000" /><testcase classname="tests.test_iteration5_ai_scaffold.TestValidateAndNormalizeUnit" name="test_orphan_edges_dropped" time="0.000" /><testcase classname="tests.test_iteration5_ai_scaffold.TestValidateAndNormalizeUnit" name="test_auto_stitch_start_to_first" time="0.000" /><testcase classname="tests.test_iteration5_ai_scaffold.TestValidateAndNormalizeUnit" name="test_choice_default_options_when_empty" time="0.000" /><testcase classname="tests.test_iteration5_ai_scaffold.TestValidateAndNormalizeUnit" name="test_extract_json_with_fences" time="0.000" /><testcase classname="tests.test_iteration5_ai_scaffold.TestValidateAndNormalizeUnit" name="test_extract_json_greedy" time="0.000" /><testcase classname="tests.test_iteration5_ai_scaffold.TestAIScaffoldEndpoint" name="test_short_description_400" time="0.661" /><testcase classname="tests.test_iteration5_ai_scaffold.TestAIScaffoldEndpoint" name="test_empty_description_400" time="0.058" /><testcase classname="tests.test_iteration5_ai_scaffold.TestAIScaffoldEndpoint" name="test_unauthenticated_401_or_403" time="0.059" /><testcase classname="tests.test_iteration5_ai_scaffold.TestAIScaffoldEndpoint" name="test_valid_description_returns_scaffold" time="0.997" /><testcase classname="tests.test_iteration5_ai_scaffold.TestAIScaffoldApply" name="test_apply_404_for_missing_flow" time="0.059" /><testcase classname="tests.test_iteration5_ai_scaffold.TestAIScaffoldApply" name="test_apply_400_short_desc" time="0.115" /><testcase classname="tests.test_iteration5_ai_scaffold.TestAIScaffoldApply" name="test_apply_400_when_flow_active" time="0.382" /><testcase classname="tests.test_iteration5_ai_scaffold.TestAIScaffoldApply" name="test_apply_to_draft_updates_flow" time="1.336" /></testsuite></testsuites>