<?xml version="1.0" encoding="utf-8"?><testsuites name="pytest tests"><testsuite name="pytest" errors="0" failures="0" skipped="0" tests="34" time="5.318" timestamp="2026-04-27T04:45:03.792135+00:00" hostname="agent-env-1bf4461f-2cc4-4061-a467-1e8f33284d31"><testcase classname="tests.backend_test.TestHealthAndAuth" name="test_health" time="0.122" /><testcase classname="tests.backend_test.TestHealthAndAuth" name="test_register_creates_tenant_and_returns_jwt" time="1.127" /><testcase classname="tests.backend_test.TestHealthAndAuth" name="test_register_duplicate_fails" time="0.045" /><testcase classname="tests.backend_test.TestHealthAndAuth" name="test_login_demo_user" time="0.272" /><testcase classname="tests.backend_test.TestHealthAndAuth" name="test_login_invalid" time="0.271" /><testcase classname="tests.backend_test.TestHealthAndAuth" name="test_me_returns_user_and_tenant" time="0.377" /><testcase classname="tests.backend_test.TestWhatsAppCredentials" name="test_create_sandbox_credential" time="0.048" /><testcase classname="tests.backend_test.TestWhatsAppCredentials" name="test_list_credentials_masked" time="0.056" /><testcase classname="tests.backend_test.TestWhatsAppCredentials" name="test_unsupported_provider_400" time="0.046" /><testcase classname="tests.backend_test.TestSimulateInbound" name="test_simulate_inbound_creates_conversation" time="0.441" /><testcase classname="tests.backend_test.TestSimulateInbound" name="test_conversations_listed" time="0.045" /><testcase classname="tests.backend_test.TestSimulateInbound" name="test_messages_for_conversation" time="0.096" /><testcase classname="tests.backend_test.TestCampaigns" name="test_create_campaign_pending" time="0.090" /><testcase classname="tests.backend_test.TestCampaigns" name="test_list_campaigns" time="0.044" /><testcase classname="tests.backend_test.TestCampaigns" name="test_approve_campaign" time="0.049" /><testcase classname="tests.backend_test.TestLeads" name="test_create_lead" time="0.045" /><testcase classname="tests.backend_test.TestLeads" name="test_list_leads" time="0.044" /><testcase classname="tests.backend_test.TestLeads" name="test_update_lead" time="0.046" /><testcase classname="tests.backend_test.TestLeads" name="test_import_leads_bulk" time="0.045" /><testcase classname="tests.backend_test.TestLeads" name="test_delete_lead" time="0.053" /><testcase classname="tests.backend_test.TestAutoReplyRules" name="test_create_rule" time="0.090" /><testcase classname="tests.backend_test.TestAutoReplyRules" name="test_list_rules" time="0.045" /><testcase classname="tests.backend_test.TestAutoReplyRules" name="test_toggle_rule" time="0.043" /><testcase classname="tests.backend_test.TestTemplates" name="test_create_template" time="0.047" /><testcase classname="tests.backend_test.TestTemplates" name="test_list_templates" time="0.045" /><testcase classname="tests.backend_test.TestBilling" name="test_list_plans" time="0.044" /><testcase classname="tests.backend_test.TestBilling" name="test_create_razorpay_order" time="0.906" /><testcase classname="tests.backend_test.TestDashboard" name="test_overview" time="0.054" /><testcase classname="tests.backend_test.TestDashboard" name="test_timeseries" time="0.065" /><testcase classname="tests.backend_test.TestIntegrations" name="test_create_api_key_returns_raw_once" time="0.043" /><testcase classname="tests.backend_test.TestIntegrations" name="test_list_api_keys_no_hash" time="0.045" /><testcase classname="tests.backend_test.TestIntegrations" name="test_erp_send_with_api_key_no_500" time="0.317" /><testcase classname="tests.backend_test.TestIntegrations" name="test_erp_unauth" time="0.134" /><testcase classname="tests.backend_test.TestIntegrations" name="test_audit_logs" time="0.045" /></testsuite></testsuites>