<?xml version="1.0" encoding="utf-8"?><testsuites name="pytest tests"><testsuite name="pytest" errors="0" failures="0" skipped="1" tests="3" time="0.946" timestamp="2026-05-01T08:51:32.341688+00:00" hostname="agent-env-1bf4461f-2cc4-4061-a467-1e8f33284d31"><testcase classname="backend.tests.test_iteration16_wizard_llm.TestTwilioDiagnose" name="test_bogus_credential_returns_404" time="0.423" /><testcase classname="backend.tests.test_iteration16_wizard_llm.TestTwilioDiagnose" name="test_missing_credential_id_returns_400" time="0.051" /><testcase classname="backend.tests.test_iteration16_wizard_llm.TestTwilioDiagnose" name="test_real_cred_returns_diagnose_shape" time="0.448"><skipped type="pytest.skip" message="Could not create cred: 400 {&quot;detail&quot;:&quot;Twilio credentials validation failed&quot;}">/app/backend/tests/test_iteration16_wizard_llm.py:153: Could not create cred: 400 {"detail":"Twilio credentials validation failed"}</skipped></testcase></testsuite></testsuites>