<?xml version="1.0" encoding="utf-8"?><testsuites name="pytest tests"><testsuite name="pytest" errors="0" failures="0" skipped="0" tests="25" time="7.820" timestamp="2026-04-28T17:12:04.739722+00:00" hostname="agent-env-1bf4461f-2cc4-4061-a467-1e8f33284d31"><testcase classname="tests.test_iteration8_admin_support_assistant.TestAuth" name="test_superadmin_login_flags" time="0.602" /><testcase classname="tests.test_iteration8_admin_support_assistant.TestAuth" name="test_demo_login_regression" time="0.343" /><testcase classname="tests.test_iteration8_admin_support_assistant.TestAdminStats" name="test_stats_shape" time="0.122" /><testcase classname="tests.test_iteration8_admin_support_assistant.TestAdminStats" name="test_stats_forbidden_for_demo" time="0.134" /><testcase classname="tests.test_iteration8_admin_support_assistant.TestAdminTenants" name="test_list_tenants_excludes_platform" time="0.134" /><testcase classname="tests.test_iteration8_admin_support_assistant.TestAdminTenants" name="test_search_filter" time="0.164" /><testcase classname="tests.test_iteration8_admin_support_assistant.TestAdminTenants" name="test_get_tenant_details_and_patch_plan" time="0.595" /><testcase classname="tests.test_iteration8_admin_support_assistant.TestAdminTenants" name="test_extend_trial" time="0.338" /><testcase classname="tests.test_iteration8_admin_support_assistant.TestAdminTenants" name="test_suspend_and_reactivate" time="0.383" /><testcase classname="tests.test_iteration8_admin_support_assistant.TestAdminTenants" name="test_platform_tenant_protected" time="0.123" /><testcase classname="tests.test_iteration8_admin_support_assistant.TestAdminTenants" name="test_admin_endpoints_403_for_demo" time="0.526" /><testcase classname="tests.test_iteration8_admin_support_assistant.TestAdminCross" name="test_users_list" time="0.116" /><testcase classname="tests.test_iteration8_admin_support_assistant.TestAdminCross" name="test_subscriptions_list" time="0.109" /><testcase classname="tests.test_iteration8_admin_support_assistant.TestAdminCross" name="test_admin_tickets_list" time="0.132" /><testcase classname="tests.test_iteration8_admin_support_assistant.TestSupport" name="test_create_ticket" time="0.117" /><testcase classname="tests.test_iteration8_admin_support_assistant.TestSupport" name="test_list_my_tickets" time="0.236" /><testcase classname="tests.test_iteration8_admin_support_assistant.TestSupport" name="test_reply_by_user" time="0.296" /><testcase classname="tests.test_iteration8_admin_support_assistant.TestSupport" name="test_superadmin_reply_bumps_status" time="0.255" /><testcase classname="tests.test_iteration8_admin_support_assistant.TestSupport" name="test_superadmin_patch_status" time="0.149" /><testcase classname="tests.test_iteration8_admin_support_assistant.TestSupport" name="test_demo_cannot_patch" time="0.118" /><testcase classname="tests.test_iteration8_admin_support_assistant.TestSupport" name="test_cross_tenant_get_blocked" time="0.272" /><testcase classname="tests.test_iteration8_admin_support_assistant.TestAssistant" name="test_text_response_for_howto" time="0.555" /><testcase classname="tests.test_iteration8_admin_support_assistant.TestAssistant" name="test_action_response_for_draft_flow" time="0.592" /><testcase classname="tests.test_iteration8_admin_support_assistant.TestAssistant" name="test_ticket_creation_for_out_of_scope" time="0.901" /><testcase classname="tests.test_iteration8_admin_support_assistant.TestAssistant" name="test_history_and_page_context_accepted" time="0.441" /></testsuite></testsuites>