<?xml version="1.0" encoding="utf-8"?><testsuites name="pytest tests"><testsuite name="pytest" errors="0" failures="0" skipped="0" tests="16" time="7.109" timestamp="2026-04-28T18:24:47.734643+00:00" hostname="agent-env-1bf4461f-2cc4-4061-a467-1e8f33284d31"><testcase classname="backend.tests.test_iteration11_wallet.TestWallet" name="test_get_wallet_shape" time="0.479" /><testcase classname="backend.tests.test_iteration11_wallet.TestWallet" name="test_set_billing_mode_wallet" time="0.114" /><testcase classname="backend.tests.test_iteration11_wallet.TestWallet" name="test_set_billing_mode_invalid" time="0.127" /><testcase classname="backend.tests.test_iteration11_wallet.TestTopup" name="test_topup_order_min_amount_validation" time="0.112" /><testcase classname="backend.tests.test_iteration11_wallet.TestTopup" name="test_topup_order_creates_razorpay_order" time="1.018" /><testcase classname="backend.tests.test_iteration11_wallet.TestTopup" name="test_topup_verify_invalid_signature" time="0.982" /><testcase classname="backend.tests.test_iteration11_wallet.TestTransactionsAndEstimate" name="test_list_transactions" time="0.144" /><testcase classname="backend.tests.test_iteration11_wallet.TestTransactionsAndEstimate" name="test_estimate" time="0.141" /><testcase classname="backend.tests.test_iteration11_wallet.TestSuperAdmin" name="test_pricing_override_and_revert" time="0.783" /><testcase classname="backend.tests.test_iteration11_wallet.TestSuperAdmin" name="test_pricing_override_forbidden_for_non_super" time="0.111" /><testcase classname="backend.tests.test_iteration11_wallet.TestSuperAdmin" name="test_manual_credit_and_debit" time="0.491" /><testcase classname="backend.tests.test_iteration11_wallet.TestSuperAdmin" name="test_revenue_endpoint" time="0.139" /><testcase classname="backend.tests.test_iteration11_wallet.TestSuperAdmin" name="test_revenue_forbidden_for_non_super" time="0.122" /><testcase classname="backend.tests.test_iteration11_wallet.TestMessageBilling" name="test_send_marketing_charges_and_refunds" time="0.995" /><testcase classname="backend.tests.test_iteration11_wallet.TestMessageBilling" name="test_insufficient_balance_blocks_send" time="0.474" /><testcase classname="backend.tests.test_iteration11_wallet.TestMessageBilling" name="test_byoc_passthrough_no_charge" time="0.826" /></testsuite></testsuites>