<?xml version="1.0" encoding="utf-8"?><testsuites name="pytest tests"><testsuite name="pytest" errors="0" failures="0" skipped="0" tests="15" time="92.424" timestamp="2026-04-30T02:25:36.012020+00:00" hostname="agent-env-1bf4461f-2cc4-4061-a467-1e8f33284d31"><testcase classname="backend.tests.test_iteration12_quickwin.TestQuickReplies" name="test_create_quick_reply" time="0.636" /><testcase classname="backend.tests.test_iteration12_quickwin.TestQuickReplies" name="test_duplicate_shortcut_returns_400" time="0.053" /><testcase classname="backend.tests.test_iteration12_quickwin.TestQuickReplies" name="test_list_quick_replies" time="0.055" /><testcase classname="backend.tests.test_iteration12_quickwin.TestQuickReplies" name="test_use_increments_count" time="0.109" /><testcase classname="backend.tests.test_iteration12_quickwin.TestQuickReplies" name="test_patch_quick_reply" time="0.051" /><testcase classname="backend.tests.test_iteration12_quickwin.TestQuickReplies" name="test_delete_quick_reply" time="0.052" /><testcase classname="backend.tests.test_iteration12_quickwin.TestImpersonation" name="test_impersonate_requires_superadmin" time="0.059" /><testcase classname="backend.tests.test_iteration12_quickwin.TestImpersonation" name="test_impersonate_success" time="0.375" /><testcase classname="backend.tests.test_iteration12_quickwin.TestImpersonation" name="test_impersonate_missing_tenant" time="0.046" /><testcase classname="backend.tests.test_iteration12_quickwin.TestCartRecovery" name="test_schedule_cart_recovery_requires_api_key" time="0.054" /><testcase classname="backend.tests.test_iteration12_quickwin.TestCartRecovery" name="test_schedule_cart_recovery" time="0.098" /><testcase classname="backend.tests.test_iteration12_quickwin.TestCartRecovery" name="test_list_scheduled" time="0.048" /><testcase classname="backend.tests.test_iteration12_quickwin.TestCartRecovery" name="test_scheduler_processes_due" time="90.590" /><testcase classname="backend.tests.test_iteration12_quickwin.TestCartRecovery" name="test_cancel_scheduled" time="0.102" /><testcase classname="backend.tests.test_iteration12_quickwin.TestCTWAReferral" name="test_simulate_inbound_endpoint_exists" time="0.052" /></testsuite></testsuites>