<?xml version="1.0" encoding="utf-8"?><testsuites name="pytest tests"><testsuite name="pytest" errors="0" failures="0" skipped="0" tests="20" time="5.905" timestamp="2026-04-28T18:55:00.480460+00:00" hostname="agent-env-1bf4461f-2cc4-4061-a467-1e8f33284d31"><testcase classname="backend.tests.test_iteration12_p1_p2.TestErpAuth" name="test_send_message_without_key_401" time="0.189" /><testcase classname="backend.tests.test_iteration12_p1_p2.TestErpAuth" name="test_balance_with_key" time="0.722" /><testcase classname="backend.tests.test_iteration12_p1_p2.TestErpSendMessage" name="test_invalid_phone_400" time="0.186" /><testcase classname="backend.tests.test_iteration12_p1_p2.TestErpSendMessage" name="test_send_to_failing_number" time="1.537" /><testcase classname="backend.tests.test_iteration12_p1_p2.TestErpBulk" name="test_send_bulk" time="0.331" /><testcase classname="backend.tests.test_iteration12_p1_p2.TestErpTemplate" name="test_invalid_template" time="0.138" /><testcase classname="backend.tests.test_iteration12_p1_p2.TestErpTemplate" name="test_valid_template" time="0.300" /><testcase classname="backend.tests.test_iteration12_p1_p2.TestErpFetch" name="test_messages_requires_e164" time="0.333" /><testcase classname="backend.tests.test_iteration12_p1_p2.TestErpFetch" name="test_messages_returns_list" time="0.117" /><testcase classname="backend.tests.test_iteration12_p1_p2.TestErpLeads" name="test_create_lead" time="0.146" /><testcase classname="backend.tests.test_iteration12_p1_p2.TestErpLeads" name="test_lead_phone_required" time="0.123" /><testcase classname="backend.tests.test_iteration12_p1_p2.TestWebhooks" name="test_invalid_event_400" time="0.058" /><testcase classname="backend.tests.test_iteration12_p1_p2.TestWebhooks" name="test_create_and_test_ping" time="0.843" /><testcase classname="backend.tests.test_iteration12_p1_p2.TestAdminAnalytics" name="test_timeseries_requires_super" time="0.071" /><testcase classname="backend.tests.test_iteration12_p1_p2.TestAdminAnalytics" name="test_timeseries_super" time="0.494" /><testcase classname="backend.tests.test_iteration12_p1_p2.TestAdminAnalytics" name="test_top_tenants_messages" time="0.050" /><testcase classname="backend.tests.test_iteration12_p1_p2.TestAdminAnalytics" name="test_top_tenants_revenue" time="0.061" /><testcase classname="backend.tests.test_iteration12_p1_p2.TestAdminAnalytics" name="test_top_tenants_wallet" time="0.048" /><testcase classname="backend.tests.test_iteration12_p1_p2.TestAdminAnalytics" name="test_funnel" time="0.055" /><testcase classname="backend.tests.test_iteration12_p1_p2.TestAdminAnalytics" name="test_message_mix" time="0.047" /></testsuite></testsuites>