<?xml version="1.0" encoding="utf-8"?><testsuites name="pytest tests"><testsuite name="pytest" errors="0" failures="0" skipped="0" tests="17" time="11.714" timestamp="2026-04-27T14:57:50.962566+00:00" hostname="agent-env-1bf4461f-2cc4-4061-a467-1e8f33284d31"><testcase classname="tests.test_iteration3_flows.TestFlowTemplates" name="test_list_templates_returns_5" time="0.599" /><testcase classname="tests.test_iteration3_flows.TestFlowTemplates" name="test_list_templates_requires_auth" time="0.050" /><testcase classname="tests.test_iteration3_flows.TestFlowCRUD" name="test_create_from_banking_template" time="0.129" /><testcase classname="tests.test_iteration3_flows.TestFlowCRUD" name="test_from_unknown_template_404" time="0.052" /><testcase classname="tests.test_iteration3_flows.TestFlowCRUD" name="test_list_flows_contains_created" time="0.067" /><testcase classname="tests.test_iteration3_flows.TestFlowCRUD" name="test_get_flow" time="0.053" /><testcase classname="tests.test_iteration3_flows.TestFlowCRUD" name="test_create_blank_flow" time="0.057" /><testcase classname="tests.test_iteration3_flows.TestFlowCRUD" name="test_update_flow_name" time="0.121" /><testcase classname="tests.test_iteration3_flows.TestFlowCRUD" name="test_publish_flow" time="0.116" /><testcase classname="tests.test_iteration3_flows.TestFlowCRUD" name="test_publish_requires_credential" time="0.104" /><testcase classname="tests.test_iteration3_flows.TestFlowCRUD" name="test_unpublish_flow" time="0.102" /><testcase classname="tests.test_iteration3_flows.TestFlowEngineRuntime" name="test_test_endpoint_starts_session_on_banking" time="2.038" /><testcase classname="tests.test_iteration3_flows.TestFlowEngineRuntime" name="test_ask_captures_variable_and_advances_to_choice" time="2.269" /><testcase classname="tests.test_iteration3_flows.TestFlowEngineRuntime" name="test_choice_by_index_routes_to_send_branch" time="2.107" /><testcase classname="tests.test_iteration3_flows.TestFlowEngineRuntime" name="test_flow_gate_prevents_auto_reply_when_triggered" time="2.151" /><testcase classname="tests.test_iteration3_flows.TestFlowEngineRuntime" name="test_unrelated_message_does_not_trigger_flow" time="1.496" /><testcase classname="tests.test_iteration3_flows.TestFlowDelete" name="test_delete_clears_sessions" time="0.158" /></testsuite></testsuites>