<?xml version="1.0" encoding="utf-8"?><testsuites name="pytest tests"><testsuite name="pytest" errors="0" failures="0" skipped="1" tests="23" time="6.479" timestamp="2026-04-27T17:45:50.308281+00:00" hostname="agent-env-1bf4461f-2cc4-4061-a467-1e8f33284d31"><testcase classname="tests.test_iteration6_multilingual_marketplace.TestMultilingual" name="test_supported_languages" time="0.590" /><testcase classname="tests.test_iteration6_multilingual_marketplace.TestMultilingual" name="test_languages_route_before_fid" time="0.160" /><testcase classname="tests.test_iteration6_multilingual_marketplace.TestMultilingual" name="test_translate_rejects_same_default" time="0.248" /><testcase classname="tests.test_iteration6_multilingual_marketplace.TestMultilingual" name="test_translate_rejects_unsupported" time="0.131" /><testcase classname="tests.test_iteration6_multilingual_marketplace.TestMultilingual" name="test_translate_to_spanish" time="0.344"><skipped type="pytest.skip" message="Groq transient error: {&quot;detail&quot;:&quot;Translation failed: Translation parse failed: [AI unavailable: Error code: 429 - {'error': {'message': 'Rate">/app/backend/tests/test_iteration6_multilingual_marketplace.py:68: Groq transient error: {"detail":"Translation failed: Translation parse failed: [AI unavailable: Error code: 429 - {'error': {'message': 'Rate</skipped></testcase><testcase classname="tests.test_iteration6_multilingual_marketplace.TestMultilingual" name="test_upsert_translation" time="0.121" /><testcase classname="tests.test_iteration6_multilingual_marketplace.TestMultilingual" name="test_upsert_translation_unsupported_lang" time="0.109" /><testcase classname="tests.test_iteration6_multilingual_marketplace.TestMultilingual" name="test_delete_translation" time="0.385" /><testcase classname="tests.test_iteration6_multilingual_marketplace.TestMarketplace" name="test_publish_returns_no_tenant" time="0.274" /><testcase classname="tests.test_iteration6_multilingual_marketplace.TestMarketplace" name="test_publish_rejects_short_description" time="0.113" /><testcase classname="tests.test_iteration6_multilingual_marketplace.TestMarketplace" name="test_publish_rejects_small_flow" time="0.382" /><testcase classname="tests.test_iteration6_multilingual_marketplace.TestMarketplace" name="test_list_templates" time="0.125" /><testcase classname="tests.test_iteration6_multilingual_marketplace.TestMarketplace" name="test_list_templates_search" time="0.136" /><testcase classname="tests.test_iteration6_multilingual_marketplace.TestMarketplace" name="test_list_templates_sort_popular" time="0.143" /><testcase classname="tests.test_iteration6_multilingual_marketplace.TestMarketplace" name="test_get_single_template" time="0.120" /><testcase classname="tests.test_iteration6_multilingual_marketplace.TestMarketplace" name="test_categories" time="0.128" /><testcase classname="tests.test_iteration6_multilingual_marketplace.TestMarketplace" name="test_clone_template" time="0.613" /><testcase classname="tests.test_iteration6_multilingual_marketplace.TestMarketplace" name="test_get_missing_template" time="0.114" /><testcase classname="tests.test_iteration6_multilingual_marketplace.TestMarketplace" name="test_delete_other_author_403" time="1.594" /><testcase classname="tests.test_iteration6_multilingual_marketplace.TestDeliveryDashboard" name="test_delivery_dashboard" time="0.128" /><testcase classname="tests.test_iteration6_multilingual_marketplace.TestDeliveryDashboard" name="test_delivery_dashboard_unauth" time="0.104" /><testcase classname="tests.test_iteration6_multilingual_marketplace.TestAuth" name="test_languages_unauth" time="0.108" /><testcase classname="tests.test_iteration6_multilingual_marketplace.TestAuth" name="test_marketplace_list_unauth" time="0.254" /></testsuite></testsuites>