<?xml version="1.0" encoding="utf-8"?><testsuites name="pytest tests"><testsuite name="pytest" errors="0" failures="0" skipped="1" tests="103" time="55.133" timestamp="2026-04-27T16:57:14.483705+00:00" hostname="agent-env-1bf4461f-2cc4-4061-a467-1e8f33284d31"><testcase classname="tests.backend_test.TestHealthAndAuth" name="test_health" time="0.127" /><testcase classname="tests.backend_test.TestHealthAndAuth" name="test_register_creates_tenant_and_returns_jwt" time="1.195" /><testcase classname="tests.backend_test.TestHealthAndAuth" name="test_register_duplicate_fails" time="0.048" /><testcase classname="tests.backend_test.TestHealthAndAuth" name="test_login_demo_user" time="0.275" /><testcase classname="tests.backend_test.TestHealthAndAuth" name="test_login_invalid" time="0.275" /><testcase classname="tests.backend_test.TestHealthAndAuth" name="test_me_returns_user_and_tenant" time="0.406" /><testcase classname="tests.backend_test.TestWhatsAppCredentials" name="test_create_sandbox_credential" time="0.058" /><testcase classname="tests.backend_test.TestWhatsAppCredentials" name="test_list_credentials_masked" time="0.061" /><testcase classname="tests.backend_test.TestWhatsAppCredentials" name="test_unsupported_provider_400" time="0.049" /><testcase classname="tests.backend_test.TestSimulateInbound" name="test_simulate_inbound_creates_conversation" time="0.934" /><testcase classname="tests.backend_test.TestSimulateInbound" name="test_conversations_listed" time="0.054" /><testcase classname="tests.backend_test.TestSimulateInbound" name="test_messages_for_conversation" time="0.112" /><testcase classname="tests.backend_test.TestCampaigns" name="test_create_campaign_pending" time="0.111" /><testcase classname="tests.backend_test.TestCampaigns" name="test_list_campaigns" time="0.051" /><testcase classname="tests.backend_test.TestCampaigns" name="test_approve_campaign" time="0.055" /><testcase classname="tests.backend_test.TestLeads" name="test_create_lead" time="0.063" /><testcase classname="tests.backend_test.TestLeads" name="test_list_leads" time="0.054" /><testcase classname="tests.backend_test.TestLeads" name="test_update_lead" time="0.053" /><testcase classname="tests.backend_test.TestLeads" name="test_import_leads_bulk" time="0.055" /><testcase classname="tests.backend_test.TestLeads" name="test_delete_lead" time="0.067" /><testcase classname="tests.backend_test.TestAutoReplyRules" name="test_create_rule" time="0.118" /><testcase classname="tests.backend_test.TestAutoReplyRules" name="test_list_rules" time="0.062" /><testcase classname="tests.backend_test.TestAutoReplyRules" name="test_toggle_rule" time="0.057" /><testcase classname="tests.backend_test.TestTemplates" name="test_create_template" time="0.058" /><testcase classname="tests.backend_test.TestTemplates" name="test_list_templates" time="0.054" /><testcase classname="tests.backend_test.TestBilling" name="test_list_plans" time="0.049" /><testcase classname="tests.backend_test.TestBilling" name="test_create_razorpay_order" time="0.930" /><testcase classname="tests.backend_test.TestDashboard" name="test_overview" time="0.060" /><testcase classname="tests.backend_test.TestDashboard" name="test_timeseries" time="0.069" /><testcase classname="tests.backend_test.TestIntegrations" name="test_create_api_key_returns_raw_once" time="0.065" /><testcase classname="tests.backend_test.TestIntegrations" name="test_list_api_keys_no_hash" time="0.054" /><testcase classname="tests.backend_test.TestIntegrations" name="test_erp_send_with_api_key_no_500" time="0.362" /><testcase classname="tests.backend_test.TestIntegrations" name="test_erp_unauth" time="0.131" /><testcase classname="tests.backend_test.TestIntegrations" name="test_audit_logs" time="0.052" /><testcase classname="tests.test_iteration2.TestEmailOTP" name="test_email_request_otp_returns_sent_or_dev_code" time="0.785" /><testcase classname="tests.test_iteration2.TestEmailOTP" name="test_email_verify_invalid_code_400" time="1.030" /><testcase classname="tests.test_iteration2.TestEmailOTP" name="test_email_signup_full_flow_via_dev_code" time="0.739"><skipped type="pytest.skip" message="Email actually sent; raw code unknown, cannot complete verify.">/app/backend/tests/test_iteration2.py:48: Email actually sent; raw code unknown, cannot complete verify.</skipped></testcase><testcase classname="tests.test_iteration2.TestSmsOTP" name="test_sms_request_invalid_format_400" time="0.049" /><testcase classname="tests.test_iteration2.TestSmsOTP" name="test_sms_verify_invalid_code_returns_400" time="0.262" /><testcase classname="tests.test_iteration2.TestTeamInvites" name="test_create_invite_admin" time="0.909" /><testcase classname="tests.test_iteration2.TestTeamInvites" name="test_list_invites" time="0.055" /><testcase classname="tests.test_iteration2.TestTeamInvites" name="test_list_members" time="0.052" /><testcase classname="tests.test_iteration2.TestTeamInvites" name="test_accept_invite_creates_user" time="0.275" /><testcase classname="tests.test_iteration2.TestTeamInvites" name="test_accept_invite_invalid_token" time="0.054" /><testcase classname="tests.test_iteration2.TestTeamInvites" name="test_invite_non_admin_403" time="0.428" /><testcase classname="tests.test_iteration2.TestMemberManagement" name="test_admin_cannot_demote_self" time="0.108" /><testcase classname="tests.test_iteration2.TestMemberManagement" name="test_admin_cannot_remove_self" time="0.112" /><testcase classname="tests.test_iteration2.TestMemberManagement" name="test_patch_member_role" time="0.114" /><testcase classname="tests.test_iteration2.TestCampaignResume" name="test_resume_paused_campaign" time="1.327" /><testcase classname="tests.test_iteration2.TestCampaignResume" name="test_resume_running_returns_400" time="0.212" /><testcase classname="tests.test_iteration2.TestWebSocket" name="test_ws_rejects_without_token" time="0.176" /><testcase classname="tests.test_iteration2.TestWebSocket" name="test_ws_accepts_with_valid_token" time="0.178" /><testcase classname="tests.test_iteration2.TestWebSocket" name="test_ws_broadcast_on_simulate_inbound" time="1.513" /><testcase classname="tests.test_iteration3_flows.TestFlowTemplates" name="test_list_templates_returns_5" time="0.054" /><testcase classname="tests.test_iteration3_flows.TestFlowTemplates" name="test_list_templates_requires_auth" time="0.050" /><testcase classname="tests.test_iteration3_flows.TestFlowCRUD" name="test_create_from_banking_template" time="0.125" /><testcase classname="tests.test_iteration3_flows.TestFlowCRUD" name="test_from_unknown_template_404" time="0.065" /><testcase classname="tests.test_iteration3_flows.TestFlowCRUD" name="test_list_flows_contains_created" time="0.054" /><testcase classname="tests.test_iteration3_flows.TestFlowCRUD" name="test_get_flow" time="0.061" /><testcase classname="tests.test_iteration3_flows.TestFlowCRUD" name="test_create_blank_flow" time="0.057" /><testcase classname="tests.test_iteration3_flows.TestFlowCRUD" name="test_update_flow_name" time="0.107" /><testcase classname="tests.test_iteration3_flows.TestFlowCRUD" name="test_publish_flow" time="0.110" /><testcase classname="tests.test_iteration3_flows.TestFlowCRUD" name="test_publish_requires_credential" time="0.117" /><testcase classname="tests.test_iteration3_flows.TestFlowCRUD" name="test_unpublish_flow" time="0.110" /><testcase classname="tests.test_iteration3_flows.TestFlowEngineRuntime" name="test_test_endpoint_starts_session_on_banking" time="1.921" /><testcase classname="tests.test_iteration3_flows.TestFlowEngineRuntime" name="test_ask_captures_variable_and_advances_to_choice" time="2.226" /><testcase classname="tests.test_iteration3_flows.TestFlowEngineRuntime" name="test_choice_by_index_routes_to_send_branch" time="2.461" /><testcase classname="tests.test_iteration3_flows.TestFlowEngineRuntime" name="test_flow_gate_prevents_auto_reply_when_triggered" time="2.325" /><testcase classname="tests.test_iteration3_flows.TestFlowEngineRuntime" name="test_unrelated_message_does_not_trigger_flow" time="1.583" /><testcase classname="tests.test_iteration3_flows.TestFlowDelete" name="test_delete_clears_sessions" time="0.153" /><testcase classname="tests.test_iteration4.TestEvalConditionHelper" name="test_numeric_gt" time="0.000" /><testcase classname="tests.test_iteration4.TestEvalConditionHelper" name="test_numeric_eq" time="0.000" /><testcase classname="tests.test_iteration4.TestEvalConditionHelper" name="test_numeric_neq" time="0.000" /><testcase classname="tests.test_iteration4.TestEvalConditionHelper" name="test_numeric_lt_lte_gte" time="0.000" /><testcase classname="tests.test_iteration4.TestEvalConditionHelper" name="test_string_contains" time="0.000" /><testcase classname="tests.test_iteration4.TestEvalConditionHelper" name="test_string_starts_with" time="0.000" /><testcase classname="tests.test_iteration4.TestEvalConditionHelper" name="test_string_ends_with" time="0.000" /><testcase classname="tests.test_iteration4.TestEvalConditionHelper" name="test_string_eq_neq" time="0.000" /><testcase classname="tests.test_iteration4.TestConditionNodeRouting" name="test_create_and_publish_condition_flow" time="0.168" /><testcase classname="tests.test_iteration4.TestConditionNodeRouting" name="test_false_branch_when_value_below_threshold" time="3.798" /><testcase classname="tests.test_iteration4.TestConditionNodeRouting" name="test_true_branch_when_value_above_threshold" time="3.638" /><testcase classname="tests.test_iteration4.TestFlowAnalytics" name="test_analytics_returns_totals_and_node_stats" time="0.060" /><testcase classname="tests.test_iteration4.TestFlowAnalytics" name="test_analytics_404_for_unknown_flow" time="0.059" /><testcase classname="tests.test_iteration4.TestFlowQR" name="test_qr_returns_url_and_image" time="0.164" /><testcase classname="tests.test_iteration4.TestFlowQR" name="test_qr_400_when_no_credential" time="0.113" /><testcase classname="tests.test_iteration4.TestFlowQR" name="test_qr_404_unknown_flow" time="0.058" /><testcase classname="tests.test_iteration4.TestNodeVisitsTracking" name="test_node_visits_incremented_on_each_step" time="1.896" /><testcase classname="tests.test_iteration4.TestFlowCleanup" name="test_delete_condition_flow" time="0.064" /><testcase classname="tests.test_iteration5_ai_scaffold.TestValidateAndNormalizeUnit" name="test_disallowed_node_type_coerced_to_send" time="0.000" /><testcase classname="tests.test_iteration5_ai_scaffold.TestValidateAndNormalizeUnit" name="test_missing_start_node_auto_prepended" time="0.000" /><testcase classname="tests.test_iteration5_ai_scaffold.TestValidateAndNormalizeUnit" name="test_orphan_edges_dropped" time="0.000" /><testcase classname="tests.test_iteration5_ai_scaffold.TestValidateAndNormalizeUnit" name="test_auto_stitch_start_to_first" time="0.000" /><testcase classname="tests.test_iteration5_ai_scaffold.TestValidateAndNormalizeUnit" name="test_choice_default_options_when_empty" time="0.000" /><testcase classname="tests.test_iteration5_ai_scaffold.TestValidateAndNormalizeUnit" name="test_extract_json_with_fences" time="0.000" /><testcase classname="tests.test_iteration5_ai_scaffold.TestValidateAndNormalizeUnit" name="test_extract_json_greedy" time="0.000" /><testcase classname="tests.test_iteration5_ai_scaffold.TestAIScaffoldEndpoint" name="test_short_description_400" time="0.061" /><testcase classname="tests.test_iteration5_ai_scaffold.TestAIScaffoldEndpoint" name="test_empty_description_400" time="0.055" /><testcase classname="tests.test_iteration5_ai_scaffold.TestAIScaffoldEndpoint" name="test_unauthenticated_401_or_403" time="0.053" /><testcase classname="tests.test_iteration5_ai_scaffold.TestAIScaffoldEndpoint" name="test_valid_description_returns_scaffold" time="1.124" /><testcase classname="tests.test_iteration5_ai_scaffold.TestAIScaffoldApply" name="test_apply_404_for_missing_flow" time="0.054" /><testcase classname="tests.test_iteration5_ai_scaffold.TestAIScaffoldApply" name="test_apply_400_short_desc" time="0.122" /><testcase classname="tests.test_iteration5_ai_scaffold.TestAIScaffoldApply" name="test_apply_400_when_flow_active" time="0.393" /><testcase classname="tests.test_iteration5_ai_scaffold.TestAIScaffoldApply" name="test_apply_to_draft_updates_flow" time="16.989" /></testsuite></testsuites>