<?xml version="1.0" encoding="utf-8"?><testsuites name="pytest tests"><testsuite name="pytest" errors="0" failures="0" skipped="0" tests="12" time="3.352" timestamp="2026-04-28T18:03:48.954839+00:00" hostname="agent-env-1bf4461f-2cc4-4061-a467-1e8f33284d31"><testcase classname="backend.tests.test_iteration10_template_campaigns.TestTemplatesWithMedia" name="test_create_template_with_media_url_and_media_type" time="1.003" /><testcase classname="backend.tests.test_iteration10_template_campaigns.TestTemplatesWithMedia" name="test_list_templates_includes_media_fields" time="0.054" /><testcase classname="backend.tests.test_iteration10_template_campaigns.TestTemplatesWithMedia" name="test_create_template_without_media_persists_none" time="0.078" /><testcase classname="backend.tests.test_iteration10_template_campaigns.TestCampaignFromTemplate" name="test_campaign_with_template_id_only_composes_message_and_inherits_media" time="0.121" /><testcase classname="backend.tests.test_iteration10_template_campaigns.TestCampaignFromTemplate" name="test_campaign_with_template_id_and_custom_message_overrides" time="0.056" /><testcase classname="backend.tests.test_iteration10_template_campaigns.TestCampaignFromTemplate" name="test_campaign_with_cross_tenant_template_id_returns_400" time="1.610" /><testcase classname="backend.tests.test_iteration10_template_campaigns.TestCampaignFromTemplate" name="test_campaign_with_no_message_no_template_no_variants_returns_400" time="0.078" /><testcase classname="backend.tests.test_iteration10_template_campaigns.TestCampaignFromTemplate" name="test_campaign_with_empty_message_and_template_id_succeeds" time="0.090" /><testcase classname="backend.tests.test_iteration10_template_campaigns.TestCampaignFromTemplate" name="test_campaign_with_empty_message_and_variants_succeeds" time="0.059" /><testcase classname="backend.tests.test_iteration10_template_campaigns.TestRegression" name="test_explicit_message_no_template" time="0.054" /><testcase classname="backend.tests.test_iteration10_template_campaigns.TestRegression" name="test_ab_campaign_no_template" time="0.051" /><testcase classname="backend.tests.test_iteration10_template_campaigns.TestRegression" name="test_top_level_media_independent_of_templates" time="0.052" /></testsuite></testsuites>