<?xml version="1.0" encoding="utf-8"?><testsuites name="pytest tests"><testsuite name="pytest" errors="0" failures="0" skipped="0" tests="20" time="14.524" timestamp="2026-04-28T17:35:38.495564+00:00" hostname="agent-env-1bf4461f-2cc4-4061-a467-1e8f33284d31"><testcase classname="tests.test_iteration9_p0_p2.TestMetaHMAC" name="test_get_verify_returns_challenge" time="0.255" /><testcase classname="tests.test_iteration9_p0_p2.TestMetaHMAC" name="test_post_no_signature_returns_401" time="0.124" /><testcase classname="tests.test_iteration9_p0_p2.TestMetaHMAC" name="test_post_invalid_signature_returns_401" time="0.147" /><testcase classname="tests.test_iteration9_p0_p2.TestMetaHMAC" name="test_post_valid_signature_returns_200" time="0.234" /><testcase classname="tests.test_iteration9_p0_p2.TestTicketReplyEmail" name="test_superadmin_reply_no_exception" time="2.028" /><testcase classname="tests.test_iteration9_p0_p2.TestTicketReplyEmail" name="test_tenant_user_reply_no_exception" time="0.782" /><testcase classname="tests.test_iteration9_p0_p2.TestMarketplaceReviews" name="test_author_cannot_review_own" time="0.411" /><testcase classname="tests.test_iteration9_p0_p2.TestMarketplaceReviews" name="test_invalid_rating_returns_422" time="0.288" /><testcase classname="tests.test_iteration9_p0_p2.TestMarketplaceReviews" name="test_submit_review_and_recompute_avg" time="0.123" /><testcase classname="tests.test_iteration9_p0_p2.TestMarketplaceReviews" name="test_review_upsert" time="0.113" /><testcase classname="tests.test_iteration9_p0_p2.TestMarketplaceReviews" name="test_list_reviews" time="0.116" /><testcase classname="tests.test_iteration9_p0_p2.TestMarketplaceReviews" name="test_list_templates_includes_rating_fields" time="0.109" /><testcase classname="tests.test_iteration9_p0_p2.TestMarketplaceReviews" name="test_delete_my_review" time="0.174" /><testcase classname="tests.test_iteration9_p0_p2.TestABCampaigns" name="test_invalid_variant_weights_400" time="0.236" /><testcase classname="tests.test_iteration9_p0_p2.TestABCampaigns" name="test_create_ab_campaign" time="0.117" /><testcase classname="tests.test_iteration9_p0_p2.TestABCampaigns" name="test_run_ab_and_check_variant_counters" time="8.512" /><testcase classname="tests.test_iteration9_p0_p2.TestABCampaigns" name="test_messages_tagged_with_variant" time="0.118" /><testcase classname="tests.test_iteration9_p0_p2.TestABCampaigns" name="test_single_variant_or_no_variant_works" time="0.114" /><testcase classname="tests.test_iteration9_p0_p2.TestRichMedia" name="test_send_with_media_returns_response" time="0.347" /><testcase classname="tests.test_iteration9_p0_p2.TestRichMedia" name="test_campaign_with_top_level_media" time="0.119" /></testsuite></testsuites>