<?xml version="1.0" encoding="utf-8"?><testsuites name="pytest tests"><testsuite name="pytest" errors="0" failures="0" skipped="0" tests="20" time="2.385" timestamp="2026-04-29T02:59:52.896949+00:00" hostname="agent-env-1bf4461f-2cc4-4061-a467-1e8f33284d31"><testcase classname="tests.test_iteration11_superadmin.TestAuth" name="test_super_login_flag" time="0.466" /><testcase classname="tests.test_iteration11_superadmin.TestAuth" name="test_tenant_not_super" time="0.450" /><testcase classname="tests.test_iteration11_superadmin.TestAuth" name="test_tenant_blocked_from_admin" time="0.055" /><testcase classname="tests.test_iteration11_superadmin.TestTenantPatch" name="test_discount_pct_persists" time="0.117" /><testcase classname="tests.test_iteration11_superadmin.TestTenantPatch" name="test_discount_pct_rejects_150" time="0.049" /><testcase classname="tests.test_iteration11_superadmin.TestTenantPatch" name="test_discount_pct_rejects_negative" time="0.047" /><testcase classname="tests.test_iteration11_superadmin.TestTenantPatch" name="test_billing_mode_wallet" time="0.050" /><testcase classname="tests.test_iteration11_superadmin.TestTenantPatch" name="test_billing_mode_invalid" time="0.048" /><testcase classname="tests.test_iteration11_superadmin.TestTenantPatch" name="test_plan_change_pro" time="0.099" /><testcase classname="tests.test_iteration11_superadmin.TestTenantPatch" name="test_extend_trial_days" time="0.206" /><testcase classname="tests.test_iteration11_superadmin.TestTenantPatch" name="test_notes_persist" time="0.108" /><testcase classname="tests.test_iteration11_superadmin.TestManualCredit" name="test_credit_then_debit" time="0.164" /><testcase classname="tests.test_iteration11_superadmin.TestManualCredit" name="test_credit_zero_rejected" time="0.046" /><testcase classname="tests.test_iteration11_superadmin.TestManualCredit" name="test_tenant_cannot_credit" time="0.056" /><testcase classname="tests.test_iteration11_superadmin.TestPricingOverride" name="test_pricing_override_persists" time="0.104" /><testcase classname="tests.test_iteration11_superadmin.TestPricingOverride" name="test_pricing_empty_body_rejected" time="0.048" /><testcase classname="tests.test_iteration11_superadmin.TestPricingOverride" name="test_tenant_cannot_set_pricing" time="0.056" /><testcase classname="tests.test_iteration11_superadmin.TestTenantRegression" name="test_wallet_get" time="0.052" /><testcase classname="tests.test_iteration11_superadmin.TestTenantRegression" name="test_campaigns_list" time="0.057" /><testcase classname="tests.test_iteration11_superadmin.TestTenantRegression" name="test_integrations_keys" time="0.058" /></testsuite></testsuites>