<?xml version="1.0" encoding="utf-8"?><testsuites name="pytest tests"><testsuite name="pytest" errors="0" failures="0" skipped="1" tests="53" time="14.819" timestamp="2026-04-27T14:58:08.346745+00:00" hostname="agent-env-1bf4461f-2cc4-4061-a467-1e8f33284d31"><testcase classname="tests.backend_test.TestHealthAndAuth" name="test_health" time="0.167" /><testcase classname="tests.backend_test.TestHealthAndAuth" name="test_register_creates_tenant_and_returns_jwt" time="1.172" /><testcase classname="tests.backend_test.TestHealthAndAuth" name="test_register_duplicate_fails" time="0.051" /><testcase classname="tests.backend_test.TestHealthAndAuth" name="test_login_demo_user" time="0.273" /><testcase classname="tests.backend_test.TestHealthAndAuth" name="test_login_invalid" time="0.271" /><testcase classname="tests.backend_test.TestHealthAndAuth" name="test_me_returns_user_and_tenant" time="0.402" /><testcase classname="tests.backend_test.TestWhatsAppCredentials" name="test_create_sandbox_credential" time="0.064" /><testcase classname="tests.backend_test.TestWhatsAppCredentials" name="test_list_credentials_masked" time="0.065" /><testcase classname="tests.backend_test.TestWhatsAppCredentials" name="test_unsupported_provider_400" time="0.059" /><testcase classname="tests.backend_test.TestSimulateInbound" name="test_simulate_inbound_creates_conversation" time="0.602" /><testcase classname="tests.backend_test.TestSimulateInbound" name="test_conversations_listed" time="0.053" /><testcase classname="tests.backend_test.TestSimulateInbound" name="test_messages_for_conversation" time="0.113" /><testcase classname="tests.backend_test.TestCampaigns" name="test_create_campaign_pending" time="0.105" /><testcase classname="tests.backend_test.TestCampaigns" name="test_list_campaigns" time="0.054" /><testcase classname="tests.backend_test.TestCampaigns" name="test_approve_campaign" time="0.067" /><testcase classname="tests.backend_test.TestLeads" name="test_create_lead" time="0.078" /><testcase classname="tests.backend_test.TestLeads" name="test_list_leads" time="0.051" /><testcase classname="tests.backend_test.TestLeads" name="test_update_lead" time="0.053" /><testcase classname="tests.backend_test.TestLeads" name="test_import_leads_bulk" time="0.057" /><testcase classname="tests.backend_test.TestLeads" name="test_delete_lead" time="0.052" /><testcase classname="tests.backend_test.TestAutoReplyRules" name="test_create_rule" time="0.116" /><testcase classname="tests.backend_test.TestAutoReplyRules" name="test_list_rules" time="0.056" /><testcase classname="tests.backend_test.TestAutoReplyRules" name="test_toggle_rule" time="0.057" /><testcase classname="tests.backend_test.TestTemplates" name="test_create_template" time="0.076" /><testcase classname="tests.backend_test.TestTemplates" name="test_list_templates" time="0.071" /><testcase classname="tests.backend_test.TestBilling" name="test_list_plans" time="0.054" /><testcase classname="tests.backend_test.TestBilling" name="test_create_razorpay_order" time="0.988" /><testcase classname="tests.backend_test.TestDashboard" name="test_overview" time="0.060" /><testcase classname="tests.backend_test.TestDashboard" name="test_timeseries" time="0.069" /><testcase classname="tests.backend_test.TestIntegrations" name="test_create_api_key_returns_raw_once" time="0.060" /><testcase classname="tests.backend_test.TestIntegrations" name="test_list_api_keys_no_hash" time="0.069" /><testcase classname="tests.backend_test.TestIntegrations" name="test_erp_send_with_api_key_no_500" time="0.414" /><testcase classname="tests.backend_test.TestIntegrations" name="test_erp_unauth" time="0.201" /><testcase classname="tests.backend_test.TestIntegrations" name="test_audit_logs" time="0.055" /><testcase classname="tests.test_iteration2.TestEmailOTP" name="test_email_request_otp_returns_sent_or_dev_code" time="0.958" /><testcase classname="tests.test_iteration2.TestEmailOTP" name="test_email_verify_invalid_code_400" time="0.937" /><testcase classname="tests.test_iteration2.TestEmailOTP" name="test_email_signup_full_flow_via_dev_code" time="0.841"><skipped type="pytest.skip" message="Email actually sent; raw code unknown, cannot complete verify.">/app/backend/tests/test_iteration2.py:48: Email actually sent; raw code unknown, cannot complete verify.</skipped></testcase><testcase classname="tests.test_iteration2.TestSmsOTP" name="test_sms_request_invalid_format_400" time="0.048" /><testcase classname="tests.test_iteration2.TestSmsOTP" name="test_sms_verify_invalid_code_returns_400" time="0.297" /><testcase classname="tests.test_iteration2.TestTeamInvites" name="test_create_invite_admin" time="0.770" /><testcase classname="tests.test_iteration2.TestTeamInvites" name="test_list_invites" time="0.059" /><testcase classname="tests.test_iteration2.TestTeamInvites" name="test_list_members" time="0.151" /><testcase classname="tests.test_iteration2.TestTeamInvites" name="test_accept_invite_creates_user" time="0.284" /><testcase classname="tests.test_iteration2.TestTeamInvites" name="test_accept_invite_invalid_token" time="0.053" /><testcase classname="tests.test_iteration2.TestTeamInvites" name="test_invite_non_admin_403" time="0.449" /><testcase classname="tests.test_iteration2.TestMemberManagement" name="test_admin_cannot_demote_self" time="0.122" /><testcase classname="tests.test_iteration2.TestMemberManagement" name="test_admin_cannot_remove_self" time="0.105" /><testcase classname="tests.test_iteration2.TestMemberManagement" name="test_patch_member_role" time="0.117" /><testcase classname="tests.test_iteration2.TestCampaignResume" name="test_resume_paused_campaign" time="1.400" /><testcase classname="tests.test_iteration2.TestCampaignResume" name="test_resume_running_returns_400" time="0.251" /><testcase classname="tests.test_iteration2.TestWebSocket" name="test_ws_rejects_without_token" time="0.178" /><testcase classname="tests.test_iteration2.TestWebSocket" name="test_ws_accepts_with_valid_token" time="0.206" /><testcase classname="tests.test_iteration2.TestWebSocket" name="test_ws_broadcast_on_simulate_inbound" time="1.391" /></testsuite></testsuites>